[4.189s] DEBUG:colcon:Command line arguments: ['/usr/bin/colcon', 'build', '--symlink-install']
[4.189s] DEBUG:colcon:Parsed command line arguments: Namespace(log_base=None, log_level=None, verb_name='build', build_base='build', install_base='install', merge_install=False, symlink_install=True, test_result_base=None, continue_on_error=False, executor='parallel', parallel_workers=4, event_handlers=None, ignore_user_meta=False, metas=['./colcon.meta'], base_paths=['.'], packages_ignore=None, packages_ignore_regex=None, paths=None, packages_up_to=None, packages_up_to_regex=None, packages_above=None, packages_above_and_dependencies=None, packages_above_depth=None, packages_select_by_dep=None, packages_skip_by_dep=None, packages_skip_up_to=None, packages_select_build_failed=False, packages_skip_build_finished=False, packages_select_test_failures=False, packages_skip_test_passed=False, packages_select=None, packages_skip=None, packages_select_regex=None, packages_skip_regex=None, packages_start=None, packages_end=None, allow_overriding=[], cmake_args=None, cmake_target=None, cmake_target_skip_unavailable=False, cmake_clean_cache=False, cmake_clean_first=False, cmake_force_configure=False, ament_cmake_args=None, catkin_cmake_args=None, catkin_skip_building_tests=False, verb_parser=<colcon_defaults.argument_parser.defaults.DefaultArgumentsDecorator object at 0xffff8bd9cdf0>, verb_extension=<colcon_core.verb.build.BuildVerb object at 0xffff8c05b130>, main=<bound method BuildVerb.main of <colcon_core.verb.build.BuildVerb object at 0xffff8c05b130>>)
[4.387s] Level 1:colcon.colcon_core.package_discovery:discover_packages(colcon_meta) check parameters
[4.387s] Level 1:colcon.colcon_core.package_discovery:discover_packages(recursive) check parameters
[4.387s] Level 1:colcon.colcon_core.package_discovery:discover_packages(ignore) check parameters
[4.387s] Level 1:colcon.colcon_core.package_discovery:discover_packages(path) check parameters
[4.388s] Level 1:colcon.colcon_core.package_discovery:discover_packages(colcon_meta) discover
[4.388s] Level 1:colcon.colcon_core.package_discovery:discover_packages(recursive) discover
[4.388s] INFO:colcon.colcon_core.package_discovery:Crawling recursively for packages in '/home/sbraende/Workspace/ROS2_devbot'
[4.389s] Level 1:colcon.colcon_core.package_identification:_identify(.) by extensions ['ignore', 'ignore_ament_install']
[4.389s] Level 1:colcon.colcon_core.package_identification:_identify(.) by extension 'ignore'
[4.389s] Level 1:colcon.colcon_core.package_identification:_identify(.) by extension 'ignore_ament_install'
[4.389s] Level 1:colcon.colcon_core.package_identification:_identify(.) by extensions ['colcon_pkg']
[4.390s] Level 1:colcon.colcon_core.package_identification:_identify(.) by extension 'colcon_pkg'
[4.390s] Level 1:colcon.colcon_core.package_identification:_identify(.) by extensions ['colcon_meta']
[4.390s] Level 1:colcon.colcon_core.package_identification:_identify(.) by extension 'colcon_meta'
[4.390s] Level 1:colcon.colcon_core.package_identification:_identify(.) by extensions ['ros']
[4.390s] Level 1:colcon.colcon_core.package_identification:_identify(.) by extension 'ros'
[4.433s] Level 1:colcon.colcon_core.package_identification:_identify(.) by extensions ['cmake', 'python']
[4.433s] Level 1:colcon.colcon_core.package_identification:_identify(.) by extension 'cmake'
[4.433s] Level 1:colcon.colcon_core.package_identification:_identify(.) by extension 'python'
[4.434s] Level 1:colcon.colcon_core.package_identification:_identify(.) by extensions ['python_setup_py']
[4.434s] Level 1:colcon.colcon_core.package_identification:_identify(.) by extension 'python_setup_py'
[4.435s] Level 1:colcon.colcon_core.package_identification:_identify(build) by extensions ['ignore', 'ignore_ament_install']
[4.435s] Level 1:colcon.colcon_core.package_identification:_identify(build) by extension 'ignore'
[4.436s] Level 1:colcon.colcon_core.package_identification:_identify(build) ignored
[4.436s] Level 1:colcon.colcon_core.package_identification:_identify(install) by extensions ['ignore', 'ignore_ament_install']
[4.437s] Level 1:colcon.colcon_core.package_identification:_identify(install) by extension 'ignore'
[4.437s] Level 1:colcon.colcon_core.package_identification:_identify(install) ignored
[4.438s] Level 1:colcon.colcon_core.package_identification:_identify(log) by extensions ['ignore', 'ignore_ament_install']
[4.438s] Level 1:colcon.colcon_core.package_identification:_identify(log) by extension 'ignore'
[4.439s] Level 1:colcon.colcon_core.package_identification:_identify(log) ignored
[4.439s] Level 1:colcon.colcon_core.package_identification:_identify(src) by extensions ['ignore', 'ignore_ament_install']
[4.440s] Level 1:colcon.colcon_core.package_identification:_identify(src) by extension 'ignore'
[4.440s] Level 1:colcon.colcon_core.package_identification:_identify(src) by extension 'ignore_ament_install'
[4.440s] Level 1:colcon.colcon_core.package_identification:_identify(src) by extensions ['colcon_pkg']
[4.441s] Level 1:colcon.colcon_core.package_identification:_identify(src) by extension 'colcon_pkg'
[4.441s] Level 1:colcon.colcon_core.package_identification:_identify(src) by extensions ['colcon_meta']
[4.441s] Level 1:colcon.colcon_core.package_identification:_identify(src) by extension 'colcon_meta'
[4.442s] Level 1:colcon.colcon_core.package_identification:_identify(src) by extensions ['ros']
[4.442s] Level 1:colcon.colcon_core.package_identification:_identify(src) by extension 'ros'
[4.442s] Level 1:colcon.colcon_core.package_identification:_identify(src) by extensions ['cmake', 'python']
[4.442s] Level 1:colcon.colcon_core.package_identification:_identify(src) by extension 'cmake'
[4.443s] Level 1:colcon.colcon_core.package_identification:_identify(src) by extension 'python'
[4.443s] Level 1:colcon.colcon_core.package_identification:_identify(src) by extensions ['python_setup_py']
[4.443s] Level 1:colcon.colcon_core.package_identification:_identify(src) by extension 'python_setup_py'
[4.444s] Level 1:colcon.colcon_core.package_identification:_identify(src/sb_tools) by extensions ['ignore', 'ignore_ament_install']
[4.444s] Level 1:colcon.colcon_core.package_identification:_identify(src/sb_tools) by extension 'ignore'
[4.445s] Level 1:colcon.colcon_core.package_identification:_identify(src/sb_tools) by extension 'ignore_ament_install'
[4.445s] Level 1:colcon.colcon_core.package_identification:_identify(src/sb_tools) by extensions ['colcon_pkg']
[4.445s] Level 1:colcon.colcon_core.package_identification:_identify(src/sb_tools) by extension 'colcon_pkg'
[4.446s] Level 1:colcon.colcon_core.package_identification:_identify(src/sb_tools) by extensions ['colcon_meta']
[4.446s] Level 1:colcon.colcon_core.package_identification:_identify(src/sb_tools) by extension 'colcon_meta'
[4.446s] Level 1:colcon.colcon_core.package_identification:_identify(src/sb_tools) by extensions ['ros']
[4.446s] Level 1:colcon.colcon_core.package_identification:_identify(src/sb_tools) by extension 'ros'
[4.457s] DEBUG:colcon.colcon_core.package_identification:Package 'src/sb_tools' with type 'ros.ament_python' and name 'sb_tools'
[4.457s] Level 1:colcon.colcon_core.package_discovery:discover_packages(recursive) using defaults
[4.457s] Level 1:colcon.colcon_core.package_discovery:discover_packages(ignore) discover
[4.457s] Level 1:colcon.colcon_core.package_discovery:discover_packages(ignore) using defaults
[4.457s] Level 1:colcon.colcon_core.package_discovery:discover_packages(path) discover
[4.457s] Level 1:colcon.colcon_core.package_discovery:discover_packages(path) using defaults
[4.827s] Level 1:colcon.colcon_core.package_discovery:discover_packages(prefix_path) check parameters
[4.827s] Level 1:colcon.colcon_core.package_discovery:discover_packages(prefix_path) discover
[4.955s] DEBUG:colcon.colcon_installed_package_information.package_discovery:Found 1 installed packages in /home/sbraende/Workspace/ROS2_devbot/install
[5.022s] DEBUG:colcon.colcon_installed_package_information.package_discovery:Found 270 installed packages in /opt/ros/humble
[5.028s] Level 1:colcon.colcon_core.package_discovery:discover_packages(prefix_path) using defaults
[5.409s] Level 5:colcon.colcon_core.verb:set package 'sb_tools' build argument 'cmake_args' from command line to 'None'
[5.409s] Level 5:colcon.colcon_core.verb:set package 'sb_tools' build argument 'cmake_target' from command line to 'None'
[5.409s] Level 5:colcon.colcon_core.verb:set package 'sb_tools' build argument 'cmake_target_skip_unavailable' from command line to 'False'
[5.409s] Level 5:colcon.colcon_core.verb:set package 'sb_tools' build argument 'cmake_clean_cache' from command line to 'False'
[5.409s] Level 5:colcon.colcon_core.verb:set package 'sb_tools' build argument 'cmake_clean_first' from command line to 'False'
[5.409s] Level 5:colcon.colcon_core.verb:set package 'sb_tools' build argument 'cmake_force_configure' from command line to 'False'
[5.410s] Level 5:colcon.colcon_core.verb:set package 'sb_tools' build argument 'ament_cmake_args' from command line to 'None'
[5.410s] Level 5:colcon.colcon_core.verb:set package 'sb_tools' build argument 'catkin_cmake_args' from command line to 'None'
[5.410s] Level 5:colcon.colcon_core.verb:set package 'sb_tools' build argument 'catkin_skip_building_tests' from command line to 'False'
[5.410s] DEBUG:colcon.colcon_core.verb:Building package 'sb_tools' with the following arguments: {'ament_cmake_args': None, 'build_base': '/home/sbraende/Workspace/ROS2_devbot/build/sb_tools', 'catkin_cmake_args': None, 'catkin_skip_building_tests': False, 'cmake_args': None, 'cmake_clean_cache': False, 'cmake_clean_first': False, 'cmake_force_configure': False, 'cmake_target': None, 'cmake_target_skip_unavailable': False, 'install_base': '/home/sbraende/Workspace/ROS2_devbot/install/sb_tools', 'merge_install': False, 'path': '/home/sbraende/Workspace/ROS2_devbot/src/sb_tools', 'symlink_install': True, 'test_result_base': None}
[5.467s] INFO:colcon.colcon_core.executor:Executing jobs using 'parallel' executor
[5.528s] DEBUG:colcon.colcon_parallel_executor.executor.parallel:run_until_complete
[5.529s] INFO:colcon.colcon_ros.task.ament_python.build:Building ROS package in '/home/sbraende/Workspace/ROS2_devbot/src/sb_tools' with build type 'ament_python'
[5.529s] Level 1:colcon.colcon_core.shell:create_environment_hook('sb_tools', 'ament_prefix_path')
[5.599s] INFO:colcon.colcon_core.plugin_system:Skipping extension 'colcon_core.shell.bat': Not used on non-Windows systems
[5.600s] INFO:colcon.colcon_core.shell:Creating environment hook '/home/sbraende/Workspace/ROS2_devbot/install/sb_tools/share/sb_tools/hook/ament_prefix_path.ps1'
[5.602s] INFO:colcon.colcon_core.shell:Creating environment descriptor '/home/sbraende/Workspace/ROS2_devbot/install/sb_tools/share/sb_tools/hook/ament_prefix_path.dsv'
[5.604s] INFO:colcon.colcon_core.shell:Creating environment hook '/home/sbraende/Workspace/ROS2_devbot/install/sb_tools/share/sb_tools/hook/ament_prefix_path.sh'
[5.673s] INFO:colcon.colcon_core.shell:Skip shell extension 'powershell' for command environment: Not usable outside of PowerShell
[5.673s] DEBUG:colcon.colcon_core.shell:Skip shell extension 'dsv' for command environment
[6.997s] INFO:colcon.colcon_core.task.python.build:Building Python package in '/home/sbraende/Workspace/ROS2_devbot/src/sb_tools'
[7.062s] INFO:colcon.colcon_core.shell:Skip shell extension 'powershell' for command environment: Not usable outside of PowerShell
[7.062s] DEBUG:colcon.colcon_core.shell:Skip shell extension 'dsv' for command environment
[8.681s] DEBUG:colcon.colcon_core.event_handler.log_command:Invoking command in '/home/sbraende/Workspace/ROS2_devbot/build/sb_tools': PYTHONPATH=/home/sbraende/Workspace/ROS2_devbot/build/sb_tools/prefix_override:/home/sbraende/Workspace/ROS2_devbot/install/sb_tools/lib/python3.10/site-packages:${PYTHONPATH} /usr/bin/python3 setup.py develop --editable --build-directory /home/sbraende/Workspace/ROS2_devbot/build/sb_tools/build --no-deps install_data
[10.689s] Level 1:colcon.colcon_core.shell:create_environment_hook('sb_tools', 'pythonpath_develop')
[10.691s] DEBUG:colcon.colcon_core.event_handler.log_command:Invoked command in '/home/sbraende/Workspace/ROS2_devbot/build/sb_tools' returned '0': PYTHONPATH=/home/sbraende/Workspace/ROS2_devbot/build/sb_tools/prefix_override:/home/sbraende/Workspace/ROS2_devbot/install/sb_tools/lib/python3.10/site-packages:${PYTHONPATH} /usr/bin/python3 setup.py develop --editable --build-directory /home/sbraende/Workspace/ROS2_devbot/build/sb_tools/build --no-deps install_data
[10.761s] INFO:colcon.colcon_core.shell:Creating environment hook '/home/sbraende/Workspace/ROS2_devbot/build/sb_tools/share/sb_tools/hook/pythonpath_develop.ps1'
[10.763s] INFO:colcon.colcon_core.shell:Creating environment descriptor '/home/sbraende/Workspace/ROS2_devbot/build/sb_tools/share/sb_tools/hook/pythonpath_develop.dsv'
[10.765s] INFO:colcon.colcon_core.shell:Creating environment hook '/home/sbraende/Workspace/ROS2_devbot/build/sb_tools/share/sb_tools/hook/pythonpath_develop.sh'
[10.839s] Level 1:colcon.colcon_core.environment:checking '/home/sbraende/Workspace/ROS2_devbot/install/sb_tools' for CMake module files
[10.842s] Level 1:colcon.colcon_core.environment:checking '/home/sbraende/Workspace/ROS2_devbot/install/sb_tools' for CMake config files
[10.845s] Level 1:colcon.colcon_core.environment:checking '/home/sbraende/Workspace/ROS2_devbot/install/sb_tools/lib'
[10.846s] Level 1:colcon.colcon_core.environment:checking '/home/sbraende/Workspace/ROS2_devbot/install/sb_tools/bin'
[10.846s] Level 1:colcon.colcon_core.environment:checking '/home/sbraende/Workspace/ROS2_devbot/install/sb_tools/lib/pkgconfig/sb_tools.pc'
[10.847s] Level 1:colcon.colcon_core.environment:checking '/home/sbraende/Workspace/ROS2_devbot/install/sb_tools/lib/python3.10/site-packages'
[10.847s] Level 1:colcon.colcon_core.shell:create_environment_hook('sb_tools', 'pythonpath')
[10.911s] INFO:colcon.colcon_core.shell:Creating environment hook '/home/sbraende/Workspace/ROS2_devbot/install/sb_tools/share/sb_tools/hook/pythonpath.ps1'
[10.913s] INFO:colcon.colcon_core.shell:Creating environment descriptor '/home/sbraende/Workspace/ROS2_devbot/install/sb_tools/share/sb_tools/hook/pythonpath.dsv'
[10.915s] INFO:colcon.colcon_core.shell:Creating environment hook '/home/sbraende/Workspace/ROS2_devbot/install/sb_tools/share/sb_tools/hook/pythonpath.sh'
[10.918s] Level 1:colcon.colcon_core.environment:checking '/home/sbraende/Workspace/ROS2_devbot/install/sb_tools/bin'
[10.918s] Level 1:colcon.colcon_core.environment:create_environment_scripts_only(sb_tools)
[10.978s] INFO:colcon.colcon_core.shell:Creating package script '/home/sbraende/Workspace/ROS2_devbot/install/sb_tools/share/sb_tools/package.ps1'
[10.982s] INFO:colcon.colcon_core.shell:Creating package descriptor '/home/sbraende/Workspace/ROS2_devbot/install/sb_tools/share/sb_tools/package.dsv'
[10.985s] INFO:colcon.colcon_core.shell:Creating package script '/home/sbraende/Workspace/ROS2_devbot/install/sb_tools/share/sb_tools/package.sh'
[10.988s] INFO:colcon.colcon_core.shell:Creating package script '/home/sbraende/Workspace/ROS2_devbot/install/sb_tools/share/sb_tools/package.bash'
[10.991s] INFO:colcon.colcon_core.shell:Creating package script '/home/sbraende/Workspace/ROS2_devbot/install/sb_tools/share/sb_tools/package.zsh'
[10.994s] Level 1:colcon.colcon_core.environment:create_file_with_runtime_dependencies(/home/sbraende/Workspace/ROS2_devbot/install/sb_tools/share/colcon-core/packages/sb_tools)
[10.995s] DEBUG:colcon.colcon_parallel_executor.executor.parallel:closing loop
[10.997s] DEBUG:colcon.colcon_parallel_executor.executor.parallel:loop closed
[10.997s] DEBUG:colcon.colcon_parallel_executor.executor.parallel:run_until_complete finished with '0'
[10.997s] DEBUG:colcon.colcon_core.event_reactor:joining thread
[11.086s] INFO:colcon.colcon_core.plugin_system:Skipping extension 'colcon_notification.desktop_notification.terminal_notifier': Not used on non-Darwin systems
[11.086s] INFO:colcon.colcon_core.plugin_system:Skipping extension 'colcon_notification.desktop_notification.win32': Not used on non-Windows systems
[11.086s] INFO:colcon.colcon_notification.desktop_notification:Sending desktop notification using 'notify2'
[11.137s] DEBUG:colcon.colcon_core.event_reactor:joined thread
[11.200s] INFO:colcon.colcon_core.shell:Creating prefix script '/home/sbraende/Workspace/ROS2_devbot/install/local_setup.ps1'
[11.204s] INFO:colcon.colcon_core.shell:Creating prefix util module '/home/sbraende/Workspace/ROS2_devbot/install/_local_setup_util_ps1.py'
[11.210s] INFO:colcon.colcon_core.shell:Creating prefix chain script '/home/sbraende/Workspace/ROS2_devbot/install/setup.ps1'
[11.275s] INFO:colcon.colcon_core.shell:Creating prefix script '/home/sbraende/Workspace/ROS2_devbot/install/local_setup.sh'
[11.278s] INFO:colcon.colcon_core.shell:Creating prefix util module '/home/sbraende/Workspace/ROS2_devbot/install/_local_setup_util_sh.py'
[11.281s] INFO:colcon.colcon_core.shell:Creating prefix chain script '/home/sbraende/Workspace/ROS2_devbot/install/setup.sh'
[11.343s] INFO:colcon.colcon_core.shell:Creating prefix script '/home/sbraende/Workspace/ROS2_devbot/install/local_setup.bash'
[11.345s] INFO:colcon.colcon_core.shell:Creating prefix chain script '/home/sbraende/Workspace/ROS2_devbot/install/setup.bash'
[11.411s] INFO:colcon.colcon_core.shell:Creating prefix script '/home/sbraende/Workspace/ROS2_devbot/install/local_setup.zsh'
[11.414s] INFO:colcon.colcon_core.shell:Creating prefix chain script '/home/sbraende/Workspace/ROS2_devbot/install/setup.zsh'
