running develop
running egg_info
creating sb_tools.egg-info
writing sb_tools.egg-info/PKG-INFO
writing dependency_links to sb_tools.egg-info/dependency_links.txt
writing entry points to sb_tools.egg-info/entry_points.txt
writing requirements to sb_tools.egg-info/requires.txt
writing top-level names to sb_tools.egg-info/top_level.txt
writing manifest file 'sb_tools.egg-info/SOURCES.txt'
reading manifest file 'sb_tools.egg-info/SOURCES.txt'
writing manifest file 'sb_tools.egg-info/SOURCES.txt'
running build_ext
Creating /home/sbreande/Workspaces/devbot/install/sb_tools/lib/python3.10/site-packages/sb-tools.egg-link (link to .)
Installing key_publisher script to /home/sbreande/Workspaces/devbot/install/sb_tools/lib/sb_tools

Installed /home/sbreande/Workspaces/devbot/build/sb_tools
running install_data
creating /home/sbreande/Workspaces/devbot/install/sb_tools/share/ament_index
creating /home/sbreande/Workspaces/devbot/install/sb_tools/share/ament_index/resource_index
creating /home/sbreande/Workspaces/devbot/install/sb_tools/share/ament_index/resource_index/packages
copying resource/sb_tools -> /home/sbreande/Workspaces/devbot/install/sb_tools/share/ament_index/resource_index/packages
copying package.xml -> /home/sbreande/Workspaces/devbot/install/sb_tools/share/sb_tools
