[0.341s] Invoking command in '/home/sbreande/Workspaces/devbot/build/sb_tools': PYTHONPATH=/home/sbreande/Workspaces/devbot/build/sb_tools/prefix_override:/home/sbreande/Workspaces/devbot/install/sb_tools/lib/python3.10/site-packages:${PYTHONPATH} /usr/bin/python3 setup.py develop --editable --build-directory /home/sbreande/Workspaces/devbot/build/sb_tools/build --no-deps install_data
[0.466s] running develop
[0.466s] /usr/lib/python3/dist-packages/setuptools/command/easy_install.py:158: EasyInstallDeprecationWarning: easy_install command is deprecated. Use build and pip and other standards-based tools.
[0.466s]   warnings.warn(
[0.466s] /usr/lib/python3/dist-packages/setuptools/command/install.py:34: SetuptoolsDeprecationWarning: setup.py install is deprecated. Use build and pip and other standards-based tools.
[0.467s]   warnings.warn(
[0.530s] running egg_info
[0.530s] creating sb_tools.egg-info
[0.531s] writing sb_tools.egg-info/PKG-INFO
[0.531s] writing dependency_links to sb_tools.egg-info/dependency_links.txt
[0.531s] writing entry points to sb_tools.egg-info/entry_points.txt
[0.531s] writing requirements to sb_tools.egg-info/requires.txt
[0.531s] writing top-level names to sb_tools.egg-info/top_level.txt
[0.531s] writing manifest file 'sb_tools.egg-info/SOURCES.txt'
[0.531s] reading manifest file 'sb_tools.egg-info/SOURCES.txt'
[0.532s] writing manifest file 'sb_tools.egg-info/SOURCES.txt'
[0.532s] running build_ext
[0.532s] Creating /home/sbreande/Workspaces/devbot/install/sb_tools/lib/python3.10/site-packages/sb-tools.egg-link (link to .)
[0.533s] Installing key_publisher script to /home/sbreande/Workspaces/devbot/install/sb_tools/lib/sb_tools
[0.533s] 
[0.533s] Installed /home/sbreande/Workspaces/devbot/build/sb_tools
[0.533s] running install_data
[0.533s] creating /home/sbreande/Workspaces/devbot/install/sb_tools/share/ament_index
[0.533s] creating /home/sbreande/Workspaces/devbot/install/sb_tools/share/ament_index/resource_index
[0.533s] creating /home/sbreande/Workspaces/devbot/install/sb_tools/share/ament_index/resource_index/packages
[0.533s] copying resource/sb_tools -> /home/sbreande/Workspaces/devbot/install/sb_tools/share/ament_index/resource_index/packages
[0.533s] copying package.xml -> /home/sbreande/Workspaces/devbot/install/sb_tools/share/sb_tools
[0.551s] Invoked command in '/home/sbreande/Workspaces/devbot/build/sb_tools' returned '0': PYTHONPATH=/home/sbreande/Workspaces/devbot/build/sb_tools/prefix_override:/home/sbreande/Workspaces/devbot/install/sb_tools/lib/python3.10/site-packages:${PYTHONPATH} /usr/bin/python3 setup.py develop --editable --build-directory /home/sbreande/Workspaces/devbot/build/sb_tools/build --no-deps install_data
