[2.636s] DEBUG:colcon:Command line arguments: ['/usr/bin/colcon', 'build', '--symlink-install']
[2.636s] DEBUG:colcon:Parsed command line arguments: Namespace(log_base=None, log_level=None, verb_name='build', build_base='build', install_base='install', merge_install=False, symlink_install=True, test_result_base=None, continue_on_error=False, executor='parallel', parallel_workers=4, event_handlers=None, ignore_user_meta=False, metas=['./colcon.meta'], base_paths=['.'], packages_ignore=None, packages_ignore_regex=None, paths=None, packages_up_to=None, packages_up_to_regex=None, packages_above=None, packages_above_and_dependencies=None, packages_above_depth=None, packages_select_by_dep=None, packages_skip_by_dep=None, packages_skip_up_to=None, packages_select_build_failed=False, packages_skip_build_finished=False, packages_select_test_failures=False, packages_skip_test_passed=False, packages_select=None, packages_skip=None, packages_select_regex=None, packages_skip_regex=None, packages_start=None, packages_end=None, allow_overriding=[], cmake_args=None, cmake_target=None, cmake_target_skip_unavailable=False, cmake_clean_cache=False, cmake_clean_first=False, cmake_force_configure=False, ament_cmake_args=None, catkin_cmake_args=None, catkin_skip_building_tests=False, verb_parser=<colcon_defaults.argument_parser.defaults.DefaultArgumentsDecorator object at 0xffff88406bf0>, verb_extension=<colcon_core.verb.build.BuildVerb object at 0xffff887a29b0>, main=<bound method BuildVerb.main of <colcon_core.verb.build.BuildVerb object at 0xffff887a29b0>>)
[2.838s] Level 1:colcon.colcon_core.package_discovery:discover_packages(colcon_meta) check parameters
[2.839s] Level 1:colcon.colcon_core.package_discovery:discover_packages(recursive) check parameters
[2.839s] Level 1:colcon.colcon_core.package_discovery:discover_packages(ignore) check parameters
[2.839s] Level 1:colcon.colcon_core.package_discovery:discover_packages(path) check parameters
[2.839s] Level 1:colcon.colcon_core.package_discovery:discover_packages(colcon_meta) discover
[2.839s] Level 1:colcon.colcon_core.package_discovery:discover_packages(recursive) discover
[2.839s] INFO:colcon.colcon_core.package_discovery:Crawling recursively for packages in '/home/sbraende/Workspace/ROS2_devbot'
[2.840s] Level 1:colcon.colcon_core.package_identification:_identify(.) by extensions ['ignore', 'ignore_ament_install']
[2.840s] Level 1:colcon.colcon_core.package_identification:_identify(.) by extension 'ignore'
[2.841s] Level 1:colcon.colcon_core.package_identification:_identify(.) by extension 'ignore_ament_install'
[2.841s] Level 1:colcon.colcon_core.package_identification:_identify(.) by extensions ['colcon_pkg']
[2.841s] Level 1:colcon.colcon_core.package_identification:_identify(.) by extension 'colcon_pkg'
[2.841s] Level 1:colcon.colcon_core.package_identification:_identify(.) by extensions ['colcon_meta']
[2.842s] Level 1:colcon.colcon_core.package_identification:_identify(.) by extension 'colcon_meta'
[2.842s] Level 1:colcon.colcon_core.package_identification:_identify(.) by extensions ['ros']
[2.842s] Level 1:colcon.colcon_core.package_identification:_identify(.) by extension 'ros'
[2.905s] Level 1:colcon.colcon_core.package_identification:_identify(.) by extensions ['cmake', 'python']
[2.905s] Level 1:colcon.colcon_core.package_identification:_identify(.) by extension 'cmake'
[2.906s] Level 1:colcon.colcon_core.package_identification:_identify(.) by extension 'python'
[2.906s] Level 1:colcon.colcon_core.package_identification:_identify(.) by extensions ['python_setup_py']
[2.906s] Level 1:colcon.colcon_core.package_identification:_identify(.) by extension 'python_setup_py'
[2.906s] Level 1:colcon.colcon_core.package_identification:_identify(build) by extensions ['ignore', 'ignore_ament_install']
[2.907s] Level 1:colcon.colcon_core.package_identification:_identify(build) by extension 'ignore'
[2.907s] Level 1:colcon.colcon_core.package_identification:_identify(build) ignored
[2.908s] Level 1:colcon.colcon_core.package_identification:_identify(install) by extensions ['ignore', 'ignore_ament_install']
[2.908s] Level 1:colcon.colcon_core.package_identification:_identify(install) by extension 'ignore'
[2.908s] Level 1:colcon.colcon_core.package_identification:_identify(install) ignored
[2.909s] Level 1:colcon.colcon_core.package_identification:_identify(log) by extensions ['ignore', 'ignore_ament_install']
[2.909s] Level 1:colcon.colcon_core.package_identification:_identify(log) by extension 'ignore'
[2.909s] Level 1:colcon.colcon_core.package_identification:_identify(log) ignored
[2.910s] Level 1:colcon.colcon_core.package_identification:_identify(src) by extensions ['ignore', 'ignore_ament_install']
[2.910s] Level 1:colcon.colcon_core.package_identification:_identify(src) by extension 'ignore'
[2.910s] Level 1:colcon.colcon_core.package_identification:_identify(src) by extension 'ignore_ament_install'
[2.911s] Level 1:colcon.colcon_core.package_identification:_identify(src) by extensions ['colcon_pkg']
[2.911s] Level 1:colcon.colcon_core.package_identification:_identify(src) by extension 'colcon_pkg'
[2.911s] Level 1:colcon.colcon_core.package_identification:_identify(src) by extensions ['colcon_meta']
[2.911s] Level 1:colcon.colcon_core.package_identification:_identify(src) by extension 'colcon_meta'
[2.911s] Level 1:colcon.colcon_core.package_identification:_identify(src) by extensions ['ros']
[2.911s] Level 1:colcon.colcon_core.package_identification:_identify(src) by extension 'ros'
[2.912s] Level 1:colcon.colcon_core.package_identification:_identify(src) by extensions ['cmake', 'python']
[2.912s] Level 1:colcon.colcon_core.package_identification:_identify(src) by extension 'cmake'
[2.912s] Level 1:colcon.colcon_core.package_identification:_identify(src) by extension 'python'
[2.912s] Level 1:colcon.colcon_core.package_identification:_identify(src) by extensions ['python_setup_py']
[2.913s] Level 1:colcon.colcon_core.package_identification:_identify(src) by extension 'python_setup_py'
[2.913s] Level 1:colcon.colcon_core.package_identification:_identify(src/sb_tools) by extensions ['ignore', 'ignore_ament_install']
[2.913s] Level 1:colcon.colcon_core.package_identification:_identify(src/sb_tools) by extension 'ignore'
[2.914s] Level 1:colcon.colcon_core.package_identification:_identify(src/sb_tools) by extension 'ignore_ament_install'
[2.914s] Level 1:colcon.colcon_core.package_identification:_identify(src/sb_tools) by extensions ['colcon_pkg']
[2.914s] Level 1:colcon.colcon_core.package_identification:_identify(src/sb_tools) by extension 'colcon_pkg'
[2.914s] Level 1:colcon.colcon_core.package_identification:_identify(src/sb_tools) by extensions ['colcon_meta']
[2.914s] Level 1:colcon.colcon_core.package_identification:_identify(src/sb_tools) by extension 'colcon_meta'
[2.915s] Level 1:colcon.colcon_core.package_identification:_identify(src/sb_tools) by extensions ['ros']
[2.915s] Level 1:colcon.colcon_core.package_identification:_identify(src/sb_tools) by extension 'ros'
[2.926s] DEBUG:colcon.colcon_core.package_identification:Package 'src/sb_tools' with type 'ros.ament_python' and name 'sb_tools'
[2.926s] Level 1:colcon.colcon_core.package_discovery:discover_packages(recursive) using defaults
[2.927s] Level 1:colcon.colcon_core.package_discovery:discover_packages(ignore) discover
[2.927s] Level 1:colcon.colcon_core.package_discovery:discover_packages(ignore) using defaults
[2.927s] Level 1:colcon.colcon_core.package_discovery:discover_packages(path) discover
[2.927s] Level 1:colcon.colcon_core.package_discovery:discover_packages(path) using defaults
[3.212s] Level 1:colcon.colcon_core.package_discovery:discover_packages(prefix_path) check parameters
[3.212s] Level 1:colcon.colcon_core.package_discovery:discover_packages(prefix_path) discover
[3.252s] Level 1:colcon.colcon_core.package_discovery:discover_packages(prefix_path) using defaults
[3.322s] Level 5:colcon.colcon_core.verb:set package 'sb_tools' build argument 'cmake_args' from command line to 'None'
[3.322s] Level 5:colcon.colcon_core.verb:set package 'sb_tools' build argument 'cmake_target' from command line to 'None'
[3.322s] Level 5:colcon.colcon_core.verb:set package 'sb_tools' build argument 'cmake_target_skip_unavailable' from command line to 'False'
[3.322s] Level 5:colcon.colcon_core.verb:set package 'sb_tools' build argument 'cmake_clean_cache' from command line to 'False'
[3.323s] Level 5:colcon.colcon_core.verb:set package 'sb_tools' build argument 'cmake_clean_first' from command line to 'False'
[3.323s] Level 5:colcon.colcon_core.verb:set package 'sb_tools' build argument 'cmake_force_configure' from command line to 'False'
[3.323s] Level 5:colcon.colcon_core.verb:set package 'sb_tools' build argument 'ament_cmake_args' from command line to 'None'
[3.323s] Level 5:colcon.colcon_core.verb:set package 'sb_tools' build argument 'catkin_cmake_args' from command line to 'None'
[3.323s] Level 5:colcon.colcon_core.verb:set package 'sb_tools' build argument 'catkin_skip_building_tests' from command line to 'False'
[3.323s] DEBUG:colcon.colcon_core.verb:Building package 'sb_tools' with the following arguments: {'ament_cmake_args': None, 'build_base': '/home/sbraende/Workspace/ROS2_devbot/build/sb_tools', 'catkin_cmake_args': None, 'catkin_skip_building_tests': False, 'cmake_args': None, 'cmake_clean_cache': False, 'cmake_clean_first': False, 'cmake_force_configure': False, 'cmake_target': None, 'cmake_target_skip_unavailable': False, 'install_base': '/home/sbraende/Workspace/ROS2_devbot/install/sb_tools', 'merge_install': False, 'path': '/home/sbraende/Workspace/ROS2_devbot/src/sb_tools', 'symlink_install': True, 'test_result_base': None}
[3.353s] INFO:colcon.colcon_core.executor:Executing jobs using 'parallel' executor
[3.387s] DEBUG:colcon.colcon_parallel_executor.executor.parallel:run_until_complete
[3.389s] INFO:colcon.colcon_ros.task.ament_python.build:Building ROS package in '/home/sbraende/Workspace/ROS2_devbot/src/sb_tools' with build type 'ament_python'
[3.389s] Level 1:colcon.colcon_core.shell:create_environment_hook('sb_tools', 'ament_prefix_path')
[3.430s] INFO:colcon.colcon_core.plugin_system:Skipping extension 'colcon_core.shell.bat': Not used on non-Windows systems
[3.431s] INFO:colcon.colcon_core.shell:Creating environment hook '/home/sbraende/Workspace/ROS2_devbot/install/sb_tools/share/sb_tools/hook/ament_prefix_path.ps1'
[3.433s] INFO:colcon.colcon_core.shell:Creating environment descriptor '/home/sbraende/Workspace/ROS2_devbot/install/sb_tools/share/sb_tools/hook/ament_prefix_path.dsv'
[3.435s] INFO:colcon.colcon_core.shell:Creating environment hook '/home/sbraende/Workspace/ROS2_devbot/install/sb_tools/share/sb_tools/hook/ament_prefix_path.sh'
[3.468s] INFO:colcon.colcon_core.shell:Skip shell extension 'powershell' for command environment: Not usable outside of PowerShell
[3.469s] DEBUG:colcon.colcon_core.shell:Skip shell extension 'dsv' for command environment
[4.383s] INFO:colcon.colcon_core.task.python.build:Building Python package in '/home/sbraende/Workspace/ROS2_devbot/src/sb_tools'
[4.417s] INFO:colcon.colcon_core.shell:Skip shell extension 'powershell' for command environment: Not usable outside of PowerShell
[4.418s] DEBUG:colcon.colcon_core.shell:Skip shell extension 'dsv' for command environment
[5.721s] DEBUG:colcon.colcon_core.event_handler.log_command:Invoking command in '/home/sbraende/Workspace/ROS2_devbot/build/sb_tools': PYTHONPATH=/home/sbraende/Workspace/ROS2_devbot/build/sb_tools/prefix_override:/home/sbraende/Workspace/ROS2_devbot/install/sb_tools/lib/python3.10/site-packages: /usr/bin/python3 setup.py develop --editable --build-directory /home/sbraende/Workspace/ROS2_devbot/build/sb_tools/build --no-deps install_data
[7.194s] Level 1:colcon.colcon_core.shell:create_environment_hook('sb_tools', 'pythonpath_develop')
[7.195s] DEBUG:colcon.colcon_core.event_handler.log_command:Invoked command in '/home/sbraende/Workspace/ROS2_devbot/build/sb_tools' returned '0': PYTHONPATH=/home/sbraende/Workspace/ROS2_devbot/build/sb_tools/prefix_override:/home/sbraende/Workspace/ROS2_devbot/install/sb_tools/lib/python3.10/site-packages: /usr/bin/python3 setup.py develop --editable --build-directory /home/sbraende/Workspace/ROS2_devbot/build/sb_tools/build --no-deps install_data
[7.230s] INFO:colcon.colcon_core.shell:Creating environment hook '/home/sbraende/Workspace/ROS2_devbot/build/sb_tools/share/sb_tools/hook/pythonpath_develop.ps1'
[7.232s] INFO:colcon.colcon_core.shell:Creating environment descriptor '/home/sbraende/Workspace/ROS2_devbot/build/sb_tools/share/sb_tools/hook/pythonpath_develop.dsv'
[7.233s] INFO:colcon.colcon_core.shell:Creating environment hook '/home/sbraende/Workspace/ROS2_devbot/build/sb_tools/share/sb_tools/hook/pythonpath_develop.sh'
[7.282s] Level 1:colcon.colcon_core.environment:checking '/home/sbraende/Workspace/ROS2_devbot/install/sb_tools' for CMake module files
[7.284s] Level 1:colcon.colcon_core.environment:checking '/home/sbraende/Workspace/ROS2_devbot/install/sb_tools' for CMake config files
[7.287s] Level 1:colcon.colcon_core.environment:checking '/home/sbraende/Workspace/ROS2_devbot/install/sb_tools/lib'
[7.288s] Level 1:colcon.colcon_core.environment:checking '/home/sbraende/Workspace/ROS2_devbot/install/sb_tools/bin'
[7.289s] Level 1:colcon.colcon_core.environment:checking '/home/sbraende/Workspace/ROS2_devbot/install/sb_tools/lib/pkgconfig/sb_tools.pc'
[7.290s] Level 1:colcon.colcon_core.environment:checking '/home/sbraende/Workspace/ROS2_devbot/install/sb_tools/lib/python3.10/site-packages'
[7.290s] Level 1:colcon.colcon_core.shell:create_environment_hook('sb_tools', 'pythonpath')
[7.322s] INFO:colcon.colcon_core.shell:Creating environment hook '/home/sbraende/Workspace/ROS2_devbot/install/sb_tools/share/sb_tools/hook/pythonpath.ps1'
[7.324s] INFO:colcon.colcon_core.shell:Creating environment descriptor '/home/sbraende/Workspace/ROS2_devbot/install/sb_tools/share/sb_tools/hook/pythonpath.dsv'
[7.326s] INFO:colcon.colcon_core.shell:Creating environment hook '/home/sbraende/Workspace/ROS2_devbot/install/sb_tools/share/sb_tools/hook/pythonpath.sh'
[7.329s] Level 1:colcon.colcon_core.environment:checking '/home/sbraende/Workspace/ROS2_devbot/install/sb_tools/bin'
[7.329s] Level 1:colcon.colcon_core.environment:create_environment_scripts_only(sb_tools)
[7.359s] INFO:colcon.colcon_core.shell:Creating package script '/home/sbraende/Workspace/ROS2_devbot/install/sb_tools/share/sb_tools/package.ps1'
[7.363s] INFO:colcon.colcon_core.shell:Creating package descriptor '/home/sbraende/Workspace/ROS2_devbot/install/sb_tools/share/sb_tools/package.dsv'
[7.366s] INFO:colcon.colcon_core.shell:Creating package script '/home/sbraende/Workspace/ROS2_devbot/install/sb_tools/share/sb_tools/package.sh'
[7.369s] INFO:colcon.colcon_core.shell:Creating package script '/home/sbraende/Workspace/ROS2_devbot/install/sb_tools/share/sb_tools/package.bash'
[7.373s] INFO:colcon.colcon_core.shell:Creating package script '/home/sbraende/Workspace/ROS2_devbot/install/sb_tools/share/sb_tools/package.zsh'
[7.376s] Level 1:colcon.colcon_core.environment:create_file_with_runtime_dependencies(/home/sbraende/Workspace/ROS2_devbot/install/sb_tools/share/colcon-core/packages/sb_tools)
[7.377s] DEBUG:colcon.colcon_parallel_executor.executor.parallel:closing loop
[7.378s] DEBUG:colcon.colcon_parallel_executor.executor.parallel:loop closed
[7.379s] DEBUG:colcon.colcon_parallel_executor.executor.parallel:run_until_complete finished with '0'
[7.379s] DEBUG:colcon.colcon_core.event_reactor:joining thread
[7.433s] INFO:colcon.colcon_core.plugin_system:Skipping extension 'colcon_notification.desktop_notification.terminal_notifier': Not used on non-Darwin systems
[7.433s] INFO:colcon.colcon_core.plugin_system:Skipping extension 'colcon_notification.desktop_notification.win32': Not used on non-Windows systems
[7.434s] INFO:colcon.colcon_notification.desktop_notification:Sending desktop notification using 'notify2'
[7.492s] DEBUG:colcon.colcon_core.event_reactor:joined thread
[7.539s] INFO:colcon.colcon_core.shell:Creating prefix script '/home/sbraende/Workspace/ROS2_devbot/install/local_setup.ps1'
[7.543s] INFO:colcon.colcon_core.shell:Creating prefix util module '/home/sbraende/Workspace/ROS2_devbot/install/_local_setup_util_ps1.py'
[7.549s] INFO:colcon.colcon_core.shell:Creating prefix chain script '/home/sbraende/Workspace/ROS2_devbot/install/setup.ps1'
[7.594s] INFO:colcon.colcon_core.shell:Creating prefix script '/home/sbraende/Workspace/ROS2_devbot/install/local_setup.sh'
[7.597s] INFO:colcon.colcon_core.shell:Creating prefix util module '/home/sbraende/Workspace/ROS2_devbot/install/_local_setup_util_sh.py'
[7.599s] INFO:colcon.colcon_core.shell:Creating prefix chain script '/home/sbraende/Workspace/ROS2_devbot/install/setup.sh'
[7.632s] INFO:colcon.colcon_core.shell:Creating prefix script '/home/sbraende/Workspace/ROS2_devbot/install/local_setup.bash'
[7.635s] INFO:colcon.colcon_core.shell:Creating prefix chain script '/home/sbraende/Workspace/ROS2_devbot/install/setup.bash'
[7.667s] INFO:colcon.colcon_core.shell:Creating prefix script '/home/sbraende/Workspace/ROS2_devbot/install/local_setup.zsh'
[7.669s] INFO:colcon.colcon_core.shell:Creating prefix chain script '/home/sbraende/Workspace/ROS2_devbot/install/setup.zsh'
