[3.150s] Invoking command in '/home/sbraende/Workspace/ROS2_devbot/build/sb_tools': PYTHONPATH=/home/sbraende/Workspace/ROS2_devbot/build/sb_tools/prefix_override:/home/sbraende/Workspace/ROS2_devbot/install/sb_tools/lib/python3.10/site-packages:${PYTHONPATH} /usr/bin/python3 setup.py develop --editable --build-directory /home/sbraende/Workspace/ROS2_devbot/build/sb_tools/build --no-deps install_data
[4.266s] running develop
[4.267s] /usr/lib/python3/dist-packages/setuptools/command/easy_install.py:158: EasyInstallDeprecationWarning: easy_install command is deprecated. Use build and pip and other standards-based tools.
[4.268s]   warnings.warn(
[4.272s] /usr/lib/python3/dist-packages/setuptools/command/install.py:34: SetuptoolsDeprecationWarning: setup.py install is deprecated. Use build and pip and other standards-based tools.
[4.273s]   warnings.warn(
[4.998s] running egg_info
[4.999s] writing sb_tools.egg-info/PKG-INFO
[5.000s] writing dependency_links to sb_tools.egg-info/dependency_links.txt
[5.001s] writing entry points to sb_tools.egg-info/entry_points.txt
[5.002s] writing requirements to sb_tools.egg-info/requires.txt
[5.002s] writing top-level names to sb_tools.egg-info/top_level.txt
[5.010s] reading manifest file 'sb_tools.egg-info/SOURCES.txt'
[5.013s] writing manifest file 'sb_tools.egg-info/SOURCES.txt'
[5.018s] running build_ext
[5.019s] Creating /home/sbraende/Workspace/ROS2_devbot/install/sb_tools/lib/python3.10/site-packages/sb-tools.egg-link (link to .)
[5.023s] Installing color_driver script to /home/sbraende/Workspace/ROS2_devbot/install/sb_tools/lib/sb_tools
[5.023s] Installing color_publisher script to /home/sbraende/Workspace/ROS2_devbot/install/sb_tools/lib/sb_tools
[5.025s] 
[5.025s] Installed /home/sbraende/Workspace/ROS2_devbot/build/sb_tools
[5.026s] running install_data
[5.026s] copying package.xml -> /home/sbraende/Workspace/ROS2_devbot/install/sb_tools/share/sb_tools
[5.161s] Invoked command in '/home/sbraende/Workspace/ROS2_devbot/build/sb_tools' returned '0': PYTHONPATH=/home/sbraende/Workspace/ROS2_devbot/build/sb_tools/prefix_override:/home/sbraende/Workspace/ROS2_devbot/install/sb_tools/lib/python3.10/site-packages:${PYTHONPATH} /usr/bin/python3 setup.py develop --editable --build-directory /home/sbraende/Workspace/ROS2_devbot/build/sb_tools/build --no-deps install_data
